{"name": "test_register_page", "status": "failed", "statusDetails": {"message": "AssertionError: The user is not logged in successfully.\nassert False\n +  where False = user_is_logged()\n +    where user_is_logged = <pages.actions.register_actions.RegisterActions object at 0x000002730FB093A0>.user_is_logged", "trace": "venv\\Lib\\site-packages\\_pytest\\fixtures.py:898: in call_fixture_func\n    fixture_result = fixturefunc(**kwargs)\nfeatures\\steps\\test_register.py:32: in step_registered_user_successfully\n    assert register_page.user_is_logged(), \"The user is not logged in successfully.\"\nE   AssertionError: The user is not logged in successfully.\nE   assert False\nE    +  where False = user_is_logged()\nE    +    where user_is_logged = <pages.actions.register_actions.RegisterActions object at 0x000002730FB093A0>.user_is_logged"}, "description": "register.feature: Register User", "start": 1729969712150, "stop": 1729969716065, "uuid": "27d66493-597b-4828-a01b-78dc22b04209", "historyId": "356fda2fa29605565c7e3b758b79507d", "testCaseId": "356fda2fa29605565c7e3b758b79507d", "fullName": "features.steps.test_register#test_register_page", "labels": [{"name": "tag", "value": "@pytest.mark.usefixtures"}, {"name": "parentSuite", "value": "features.steps"}, {"name": "suite", "value": "test_register"}, {"name": "host", "value": "manuel"}, {"name": "thread", "value": "3884-MainThread"}, {"name": "framework", "value": "pytest"}, {"name": "language", "value": "cpython3"}, {"name": "package", "value": "features.steps.test_register"}]}