{"name": "test_login_page", "status": "failed", "statusDetails": {"message": "AssertionError: The user is not logged in successfully.\nassert False\n +  where False = user_is_logged()\n +    where user_is_logged = <pages.actions.register_actions.RegisterActions object at 0x000001DCD22F6D80>.user_is_logged", "trace": "venv\\Lib\\site-packages\\_pytest\\fixtures.py:898: in call_fixture_func\n    fixture_result = fixturefunc(**kwargs)\nfeatures\\steps\\test_register.py:32: in step_registered_user_successfully\n    assert register_page.user_is_logged(), \"The user is not logged in successfully.\"\nE   AssertionError: The user is not logged in successfully.\nE   assert False\nE    +  where False = user_is_logged()\nE    +    where user_is_logged = <pages.actions.register_actions.RegisterActions object at 0x000001DCD22F6D80>.user_is_logged"}, "description": "register.feature: Register User", "start": 1729969680148, "stop": 1729969684024, "uuid": "fa1e8791-e2a7-4143-bb79-3741abeb1509", "historyId": "84368c6e3c571653cd251111251e854b", "testCaseId": "84368c6e3c571653cd251111251e854b", "fullName": "features.steps.test_register#test_login_page", "labels": [{"name": "tag", "value": "@pytest.mark.usefixtures"}, {"name": "parentSuite", "value": "features.steps"}, {"name": "suite", "value": "test_register"}, {"name": "host", "value": "manuel"}, {"name": "thread", "value": "2136-MainThread"}, {"name": "framework", "value": "pytest"}, {"name": "language", "value": "cpython3"}, {"name": "package", "value": "features.steps.test_register"}]}